c:\users\gabi\desktop\professional\facultate\anul2 - sem1\poo\#proiectfinal\sdl_gametemplate\sdl_gametemplate\x64\debug\vc142.pdb
c:\users\gabi\desktop\professional\facultate\anul2 - sem1\poo\#proiectfinal\sdl_gametemplate\sdl_gametemplate\x64\debug\vc142.idb
c:\users\gabi\desktop\professional\facultate\anul2 - sem1\poo\#proiectfinal\sdl_gametemplate\sdl_gametemplate\x64\debug\texturemanager.obj
c:\users\gabi\desktop\professional\facultate\anul2 - sem1\poo\#proiectfinal\sdl_gametemplate\sdl_gametemplate\x64\debug\player.obj
c:\users\gabi\desktop\professional\facultate\anul2 - sem1\poo\#proiectfinal\sdl_gametemplate\sdl_gametemplate\x64\debug\map.obj
c:\users\gabi\desktop\professional\facultate\anul2 - sem1\poo\#proiectfinal\sdl_gametemplate\sdl_gametemplate\x64\debug\main.obj
c:\users\gabi\desktop\professional\facultate\anul2 - sem1\poo\#proiectfinal\sdl_gametemplate\sdl_gametemplate\x64\debug\gameobject.obj
c:\users\gabi\desktop\professional\facultate\anul2 - sem1\poo\#proiectfinal\sdl_gametemplate\sdl_gametemplate\x64\debug\game.obj
c:\users\gabi\desktop\professional\facultate\anul2 - sem1\poo\#proiectfinal\sdl_gametemplate - inputmiscarejucator\sdl_gametemplate\x64\debug\vc142.pdb
c:\users\gabi\desktop\professional\facultate\anul2 - sem1\poo\#proiectfinal\sdl_gametemplate - inputmiscarejucator\sdl_gametemplate\x64\debug\vc142.idb
c:\users\gabi\desktop\professional\facultate\anul2 - sem1\poo\#proiectfinal\sdl_gametemplate - inputmiscarejucator\sdl_gametemplate\x64\debug\texturemanager.obj
c:\users\gabi\desktop\professional\facultate\anul2 - sem1\poo\#proiectfinal\sdl_gametemplate - inputmiscarejucator\sdl_gametemplate\x64\debug\player.obj
c:\users\gabi\desktop\professional\facultate\anul2 - sem1\poo\#proiectfinal\sdl_gametemplate - inputmiscarejucator\sdl_gametemplate\x64\debug\map.obj
c:\users\gabi\desktop\professional\facultate\anul2 - sem1\poo\#proiectfinal\sdl_gametemplate - inputmiscarejucator\sdl_gametemplate\x64\debug\main.obj
c:\users\gabi\desktop\professional\facultate\anul2 - sem1\poo\#proiectfinal\sdl_gametemplate - inputmiscarejucator\sdl_gametemplate\x64\debug\gameobject.obj
c:\users\gabi\desktop\professional\facultate\anul2 - sem1\poo\#proiectfinal\sdl_gametemplate - inputmiscarejucator\sdl_gametemplate\x64\debug\game.obj
c:\users\gabi\desktop\professional\facultate\anul2 - sem1\poo\#proiectfinal\sdl_gametemplate - inputmiscarejucator\sdl_gametemplate\x64\debug\tilecpp.obj
c:\users\gabi\desktop\professional\facultate\anul2 - sem1\poo\#proiectfinal\sdl_gametemplate - inputmiscarejucator\sdl_gametemplate\x64\debug\bomb.obj
c:\users\gabi\desktop\professional\facultate\anul2 - sem1\poo\#proiectfinal\sdl_gametemplate - inputmiscarejucator\sdl_gametemplate\x64\debug\explosion.obj
c:\users\gabi\desktop\professional\facultate\anul2 - sem1\poo\#proiectfinal\sdl_gametemplate - inputmiscarejucator\sdl_gametemplate\x64\debug\enemy.obj
c:\users\gabi\desktop\professional\facultate\anul2 - sem1\poo\#proiectfinal\sdl_gametemplate - inputmiscarejucator\sdl_gametemplate\x64\debug\button.obj
c:\users\gabi\desktop\professional\facultate\anul2 - sem1\poo\#proiectfinal\sdl_gametemplate - inputmiscarejucator\sdl_gametemplate\x64\debug\strongenemy.obj
c:\users\gabi\desktop\professional\facultate\anul2 - sem1\poo\#proiectfinal\sdl_gametemplate\x64\debug\sdl_gametemplate.exe
c:\users\gabi\desktop\professional\facultate\anul2 - sem1\poo\#proiectfinal\sdl_gametemplate\x64\debug\sdl_gametemplate.ilk
c:\users\gabi\desktop\professional\facultate\anul2 - sem1\poo\#proiectfinal\sdl_gametemplate\x64\debug\sdl_gametemplate.pdb
c:\users\gabi\desktop\professional\facultate\anul2 - sem1\poo\#proiectfinal\sdl_gametemplate - inputmiscarejucator\x64\debug\sdl_gametemplate.exe
c:\users\gabi\desktop\professional\facultate\anul2 - sem1\poo\#proiectfinal\sdl_gametemplate - inputmiscarejucator\x64\debug\sdl_gametemplate.ilk
c:\users\gabi\desktop\professional\facultate\anul2 - sem1\poo\#proiectfinal\sdl_gametemplate - inputmiscarejucator\x64\debug\sdl_gametemplate.pdb
c:\users\gabi\desktop\professional\facultate\anul2 - sem1\poo\#proiectfinal\sdl_gametemplate - inputmiscarejucator\sdl_gametemplate\x64\debug\sdl_gametemplate.tlog\cl.command.1.tlog
c:\users\gabi\desktop\professional\facultate\anul2 - sem1\poo\#proiectfinal\sdl_gametemplate - inputmiscarejucator\sdl_gametemplate\x64\debug\sdl_gametemplate.tlog\cl.read.1.tlog
c:\users\gabi\desktop\professional\facultate\anul2 - sem1\poo\#proiectfinal\sdl_gametemplate - inputmiscarejucator\sdl_gametemplate\x64\debug\sdl_gametemplate.tlog\cl.write.1.tlog
c:\users\gabi\desktop\professional\facultate\anul2 - sem1\poo\#proiectfinal\sdl_gametemplate - inputmiscarejucator\sdl_gametemplate\x64\debug\sdl_gametemplate.tlog\link.command.1.tlog
c:\users\gabi\desktop\professional\facultate\anul2 - sem1\poo\#proiectfinal\sdl_gametemplate - inputmiscarejucator\sdl_gametemplate\x64\debug\sdl_gametemplate.tlog\link.read.1.tlog
c:\users\gabi\desktop\professional\facultate\anul2 - sem1\poo\#proiectfinal\sdl_gametemplate - inputmiscarejucator\sdl_gametemplate\x64\debug\sdl_gametemplate.tlog\link.write.1.tlog
